<?xml version="1.0" encoding="UTF-8"?>
<testng-results ignored="0" total="1" passed="1" failed="0" skipped="0">
  <reporter-output>
  </reporter-output>
  <suite started-at="2021-10-20T05:29:23Z" name="Docker" finished-at="2021-10-20T05:29:46Z" duration-ms="22622">
    <groups>
    </groups>
    <test started-at="2021-10-20T05:29:23Z" name="DockerTest" finished-at="2021-10-20T05:29:46Z" duration-ms="22622">
      <class name="docker.testcases.Task">
        <test-method is-config="true" signature="setup()[pri:0, instance:docker.testcases.Task@6a84a97d]" started-at="2021-10-20T10:59:23Z" name="setup" finished-at="2021-10-20T10:59:29Z" duration-ms="5680" status="PASS">
          <reporter-output>
          </reporter-output>
        </test-method> <!-- setup -->
        <test-method signature="refreshTask()[pri:0, instance:docker.testcases.Task@6a84a97d]" started-at="2021-10-20T10:59:29Z" name="refreshTask" description="Refresh Task" finished-at="2021-10-20T10:59:45Z" duration-ms="15875" status="PASS">
          <reporter-output>
          </reporter-output>
        </test-method> <!-- refreshTask -->
        <test-method is-config="true" signature="teardown()[pri:0, instance:docker.testcases.Task@6a84a97d]" started-at="2021-10-20T10:59:45Z" name="teardown" finished-at="2021-10-20T10:59:46Z" duration-ms="1052" status="PASS">
          <reporter-output>
          </reporter-output>
        </test-method> <!-- teardown -->
      </class> <!-- docker.testcases.Task -->
    </test> <!-- DockerTest -->
  </suite> <!-- Docker -->
</testng-results>
